Time resolution is 1 ps
[0] Generating.... | Completed:           0 | Instruction amounts require:         100
Instruction type decided at time: [0]| Instruction number:           0| Instruction type:           0
[0] Generating.... | Completed:           1 | Instruction amounts require:         100
Instruction type decided at time: [0]| Instruction number:           1| Instruction type:           0
[0] Generating.... | Completed:           2 | Instruction amounts require:         100
Instruction type decided at time: [0]| Instruction number:           2| Instruction type:           0
[0] Generating.... | Completed:           3 | Instruction amounts require:         100
Instruction type decided at time: [0]| Instruction number:           3| Instruction type:           1
[0] Generating.... | Completed:           4 | Instruction amounts require:         100
Instruction type decided at time: [0]| Instruction number:           4| Instruction type:           0
[0] Generating.... | Completed:           5 | Instruction amounts require:         100
Instruction type decided at time: [0]| Instruction number:           5| Instruction type:           0
[0] Generating.... | Completed:           6 | Instruction amounts require:         100
Instruction type decided at time: [0]| Instruction number:           6| Instruction type:           0
[0] Generating.... | Completed:           7 | Instruction amounts require:         100
Instruction type decided at time: [0]| Instruction number:           7| Instruction type:           1
[0] Generating.... | Completed:           8 | Instruction amounts require:         100
Instruction type decided at time: [0]| Instruction number:           8| Instruction type:           1
[0] Generating.... | Completed:           9 | Instruction amounts require:         100
Instruction type decided at time: [0]| Instruction number:           9| Instruction type:           1
[0] Generating.... | Completed:          10 | Instruction amounts require:         100
Instruction type decided at time: [0]| Instruction number:          10| Instruction type:           0
[0] Generating.... | Completed:          11 | Instruction amounts require:         100
Instruction type decided at time: [0]| Instruction number:          11| Instruction type:           0
[0] Generating.... | Completed:          12 | Instruction amounts require:         100
Instruction type decided at time: [0]| Instruction number:          12| Instruction type:           1
[0] Generating.... | Completed:          13 | Instruction amounts require:         100
Instruction type decided at time: [0]| Instruction number:          13| Instruction type:           0
[0] Generating.... | Completed:          14 | Instruction amounts require:         100
Instruction type decided at time: [0]| Instruction number:          14| Instruction type:           0
[0] Generating.... | Completed:          15 | Instruction amounts require:         100
Instruction type decided at time: [0]| Instruction number:          15| Instruction type:           0
[0] Generating.... | Completed:          16 | Instruction amounts require:         100
Instruction type decided at time: [0]| Instruction number:          16| Instruction type:           1
[0] Generating.... | Completed:          17 | Instruction amounts require:         100
Instruction type decided at time: [0]| Instruction number:          17| Instruction type:           1
[0] Generating.... | Completed:          18 | Instruction amounts require:         100
Instruction type decided at time: [0]| Instruction number:          18| Instruction type:           0
[0] Generating.... | Completed:          19 | Instruction amounts require:         100
Instruction type decided at time: [0]| Instruction number:          19| Instruction type:           1
[0] Generating.... | Completed:          20 | Instruction amounts require:         100
Instruction type decided at time: [0]| Instruction number:          20| Instruction type:           1
[0] Generating.... | Completed:          21 | Instruction amounts require:         100
Instruction type decided at time: [0]| Instruction number:          21| Instruction type:           0
[0] Generating.... | Completed:          22 | Instruction amounts require:         100
Instruction type decided at time: [0]| Instruction number:          22| Instruction type:           0
[0] Generating.... | Completed:          23 | Instruction amounts require:         100
Instruction type decided at time: [0]| Instruction number:          23| Instruction type:           1
[0] Generating.... | Completed:          24 | Instruction amounts require:         100
Instruction type decided at time: [0]| Instruction number:          24| Instruction type:           1
[0] Generating.... | Completed:          25 | Instruction amounts require:         100
Instruction type decided at time: [0]| Instruction number:          25| Instruction type:           1
[0] Generating.... | Completed:          26 | Instruction amounts require:         100
Instruction type decided at time: [0]| Instruction number:          26| Instruction type:           0
[0] Generating.... | Completed:          27 | Instruction amounts require:         100
Instruction type decided at time: [0]| Instruction number:          27| Instruction type:           1
[0] Generating.... | Completed:          28 | Instruction amounts require:         100
Instruction type decided at time: [0]| Instruction number:          28| Instruction type:           0
[0] Generating.... | Completed:          29 | Instruction amounts require:         100
Instruction type decided at time: [0]| Instruction number:          29| Instruction type:           0
[0] Generating.... | Completed:          30 | Instruction amounts require:         100
Instruction type decided at time: [0]| Instruction number:          30| Instruction type:           1
[0] Generating.... | Completed:          31 | Instruction amounts require:         100
Instruction type decided at time: [0]| Instruction number:          31| Instruction type:           0
[0] Generating.... | Completed:          32 | Instruction amounts require:         100
Instruction type decided at time: [0]| Instruction number:          32| Instruction type:           0
[0] Generating.... | Completed:          33 | Instruction amounts require:         100
Instruction type decided at time: [0]| Instruction number:          33| Instruction type:           0
[0] Generating.... | Completed:          34 | Instruction amounts require:         100
Instruction type decided at time: [0]| Instruction number:          34| Instruction type:           0
[0] Generating.... | Completed:          35 | Instruction amounts require:         100
Instruction type decided at time: [0]| Instruction number:          35| Instruction type:           1
[0] Generating.... | Completed:          36 | Instruction amounts require:         100
Instruction type decided at time: [0]| Instruction number:          36| Instruction type:           1
[0] Generating.... | Completed:          37 | Instruction amounts require:         100
Instruction type decided at time: [0]| Instruction number:          37| Instruction type:           1
[0] Generating.... | Completed:          38 | Instruction amounts require:         100
Instruction type decided at time: [0]| Instruction number:          38| Instruction type:           1
[0] Generating.... | Completed:          39 | Instruction amounts require:         100
Instruction type decided at time: [0]| Instruction number:          39| Instruction type:           1
[0] Generating.... | Completed:          40 | Instruction amounts require:         100
Instruction type decided at time: [0]| Instruction number:          40| Instruction type:           0
[0] Generating.... | Completed:          41 | Instruction amounts require:         100
Instruction type decided at time: [0]| Instruction number:          41| Instruction type:           0
[0] Generating.... | Completed:          42 | Instruction amounts require:         100
Instruction type decided at time: [0]| Instruction number:          42| Instruction type:           1
[0] Generating.... | Completed:          43 | Instruction amounts require:         100
Instruction type decided at time: [0]| Instruction number:          43| Instruction type:           0
[0] Generating.... | Completed:          44 | Instruction amounts require:         100
Instruction type decided at time: [0]| Instruction number:          44| Instruction type:           1
[0] Generating.... | Completed:          45 | Instruction amounts require:         100
Instruction type decided at time: [0]| Instruction number:          45| Instruction type:           1
[0] Generating.... | Completed:          46 | Instruction amounts require:         100
Instruction type decided at time: [0]| Instruction number:          46| Instruction type:           1
[0] Generating.... | Completed:          47 | Instruction amounts require:         100
Instruction type decided at time: [0]| Instruction number:          47| Instruction type:           1
[0] Generating.... | Completed:          48 | Instruction amounts require:         100
Instruction type decided at time: [0]| Instruction number:          48| Instruction type:           0
[0] Generating.... | Completed:          49 | Instruction amounts require:         100
Instruction type decided at time: [0]| Instruction number:          49| Instruction type:           1
[0] Generating.... | Completed:          50 | Instruction amounts require:         100
Instruction type decided at time: [0]| Instruction number:          50| Instruction type:           0
[0] Generating.... | Completed:          51 | Instruction amounts require:         100
Instruction type decided at time: [0]| Instruction number:          51| Instruction type:           1
[0] Generating.... | Completed:          52 | Instruction amounts require:         100
Instruction type decided at time: [0]| Instruction number:          52| Instruction type:           0
[0] Generating.... | Completed:          53 | Instruction amounts require:         100
Instruction type decided at time: [0]| Instruction number:          53| Instruction type:           0
[0] Generating.... | Completed:          54 | Instruction amounts require:         100
Instruction type decided at time: [0]| Instruction number:          54| Instruction type:           1
[0] Generating.... | Completed:          55 | Instruction amounts require:         100
Instruction type decided at time: [0]| Instruction number:          55| Instruction type:           0
[0] Generating.... | Completed:          56 | Instruction amounts require:         100
Instruction type decided at time: [0]| Instruction number:          56| Instruction type:           0
[0] Generating.... | Completed:          57 | Instruction amounts require:         100
Instruction type decided at time: [0]| Instruction number:          57| Instruction type:           1
[0] Generating.... | Completed:          58 | Instruction amounts require:         100
Instruction type decided at time: [0]| Instruction number:          58| Instruction type:           0
[0] Generating.... | Completed:          59 | Instruction amounts require:         100
Instruction type decided at time: [0]| Instruction number:          59| Instruction type:           0
[0] Generating.... | Completed:          60 | Instruction amounts require:         100
Instruction type decided at time: [0]| Instruction number:          60| Instruction type:           0
[0] Generating.... | Completed:          61 | Instruction amounts require:         100
Instruction type decided at time: [0]| Instruction number:          61| Instruction type:           0
[0] Generating.... | Completed:          62 | Instruction amounts require:         100
Instruction type decided at time: [0]| Instruction number:          62| Instruction type:           0
[0] Generating.... | Completed:          63 | Instruction amounts require:         100
Instruction type decided at time: [0]| Instruction number:          63| Instruction type:           1
[0] Generating.... | Completed:          64 | Instruction amounts require:         100
Instruction type decided at time: [0]| Instruction number:          64| Instruction type:           0
[0] Generating.... | Completed:          65 | Instruction amounts require:         100
Instruction type decided at time: [0]| Instruction number:          65| Instruction type:           1
[0] Generating.... | Completed:          66 | Instruction amounts require:         100
Instruction type decided at time: [0]| Instruction number:          66| Instruction type:           1
[0] Generating.... | Completed:          67 | Instruction amounts require:         100
Instruction type decided at time: [0]| Instruction number:          67| Instruction type:           1
[0] Generating.... | Completed:          68 | Instruction amounts require:         100
Instruction type decided at time: [0]| Instruction number:          68| Instruction type:           0
[0] Generating.... | Completed:          69 | Instruction amounts require:         100
Instruction type decided at time: [0]| Instruction number:          69| Instruction type:           0
[0] Generating.... | Completed:          70 | Instruction amounts require:         100
Instruction type decided at time: [0]| Instruction number:          70| Instruction type:           1
[0] Generating.... | Completed:          71 | Instruction amounts require:         100
Instruction type decided at time: [0]| Instruction number:          71| Instruction type:           1
[0] Generating.... | Completed:          72 | Instruction amounts require:         100
Instruction type decided at time: [0]| Instruction number:          72| Instruction type:           1
[0] Generating.... | Completed:          73 | Instruction amounts require:         100
Instruction type decided at time: [0]| Instruction number:          73| Instruction type:           1
[0] Generating.... | Completed:          74 | Instruction amounts require:         100
Instruction type decided at time: [0]| Instruction number:          74| Instruction type:           1
[0] Generating.... | Completed:          75 | Instruction amounts require:         100
Instruction type decided at time: [0]| Instruction number:          75| Instruction type:           0
[0] Generating.... | Completed:          76 | Instruction amounts require:         100
Instruction type decided at time: [0]| Instruction number:          76| Instruction type:           1
[0] Generating.... | Completed:          77 | Instruction amounts require:         100
Instruction type decided at time: [0]| Instruction number:          77| Instruction type:           1
[0] Generating.... | Completed:          78 | Instruction amounts require:         100
Instruction type decided at time: [0]| Instruction number:          78| Instruction type:           1
[0] Generating.... | Completed:          79 | Instruction amounts require:         100
Instruction type decided at time: [0]| Instruction number:          79| Instruction type:           1
[0] Generating.... | Completed:          80 | Instruction amounts require:         100
Instruction type decided at time: [0]| Instruction number:          80| Instruction type:           0
[0] Generating.... | Completed:          81 | Instruction amounts require:         100
Instruction type decided at time: [0]| Instruction number:          81| Instruction type:           0
[0] Generating.... | Completed:          82 | Instruction amounts require:         100
Instruction type decided at time: [0]| Instruction number:          82| Instruction type:           0
[0] Generating.... | Completed:          83 | Instruction amounts require:         100
Instruction type decided at time: [0]| Instruction number:          83| Instruction type:           0
[0] Generating.... | Completed:          84 | Instruction amounts require:         100
Instruction type decided at time: [0]| Instruction number:          84| Instruction type:           1
[0] Generating.... | Completed:          85 | Instruction amounts require:         100
Instruction type decided at time: [0]| Instruction number:          85| Instruction type:           1
[0] Generating.... | Completed:          86 | Instruction amounts require:         100
Instruction type decided at time: [0]| Instruction number:          86| Instruction type:           0
[0] Generating.... | Completed:          87 | Instruction amounts require:         100
Instruction type decided at time: [0]| Instruction number:          87| Instruction type:           1
[0] Generating.... | Completed:          88 | Instruction amounts require:         100
Instruction type decided at time: [0]| Instruction number:          88| Instruction type:           1
[0] Generating.... | Completed:          89 | Instruction amounts require:         100
Instruction type decided at time: [0]| Instruction number:          89| Instruction type:           1
[0] Generating.... | Completed:          90 | Instruction amounts require:         100
Instruction type decided at time: [0]| Instruction number:          90| Instruction type:           1
[0] Generating.... | Completed:          91 | Instruction amounts require:         100
Instruction type decided at time: [0]| Instruction number:          91| Instruction type:           1
[0] Generating.... | Completed:          92 | Instruction amounts require:         100
Instruction type decided at time: [0]| Instruction number:          92| Instruction type:           1
[0] Generating.... | Completed:          93 | Instruction amounts require:         100
Instruction type decided at time: [0]| Instruction number:          93| Instruction type:           0
[0] Generating.... | Completed:          94 | Instruction amounts require:         100
Instruction type decided at time: [0]| Instruction number:          94| Instruction type:           1
[0] Generating.... | Completed:          95 | Instruction amounts require:         100
Instruction type decided at time: [0]| Instruction number:          95| Instruction type:           1
[0] Generating.... | Completed:          96 | Instruction amounts require:         100
Instruction type decided at time: [0]| Instruction number:          96| Instruction type:           0
[0] Generating.... | Completed:          97 | Instruction amounts require:         100
Instruction type decided at time: [0]| Instruction number:          97| Instruction type:           1
[0] Generating.... | Completed:          98 | Instruction amounts require:         100
Instruction type decided at time: [0]| Instruction number:          98| Instruction type:           1
[0] Generating.... | Completed:          99 | Instruction amounts require:         100
Instruction type decided at time: [0]| Instruction number:          99| Instruction type:           1
[0] Generation finished successfully with         100 instructions
Instruction type decided at time: [0]| Instruction number:         100| Instruction type:           0
